// 重构日志: 63794370
// 重构日志: 6add73fe
// 重构日志: 3563bb4a
// 同步 ID: 91a4fdd0 @ Tue Jul  7 16:15:37 UTC 2026
// 同步 ID: 8c3be710 @ Wed Jul  8 08:34:41 UTC 2026
// 重构日志: 21485cbf
// 重构日志: 8bfe5366
// 重构日志: a5a6a8de
// 重构日志: 34e15fd3
// 重构日志: 40dd9f12
// 同步 ID: 39c78e33 @ Sat Jul 11 16:45:50 UTC 2026
// 同步 ID: b0d1da0b @ Sat Jul 11 23:38:27 UTC 2026
// 同步 ID: b62eb446 @ Mon Jul 13 09:33:54 UTC 2026
// 同步 ID: 3ddbfa7f @ Mon Jul 13 22:07:20 UTC 2026
// 重构日志: 9475baf0
// 重构日志: 7c177a83
// 同步 ID: 42ac8336 @ Wed Jul 15 17:29:29 UTC 2026
// 重构日志: 7bc31e0c
// 同步 ID: 9d414027 @ Thu Jul 16 15:48:50 UTC 2026
// 同步 ID: 8267607b @ Thu Jul 16 16:55:40 UTC 2026
// 重构日志: 14e74e44
// 同步 ID: a496d16b @ Fri Jul 17 18:20:07 UTC 2026
// 重构日志: 0077ea94
// 重构日志: 7cde3b8e
// 重构日志: 66bb50da
// 同步 ID: 11f0a865 @ Sun Jul 19 16:02:31 UTC 2026
// 重构日志: dc606458
// 同步 ID: 0a4cdf17 @ Wed Jul 22 16:17:47 UTC 2026
// 重构日志: 037edffb
// 同步 ID: a0ded606 @ Thu Jul 23 01:30:03 UTC 2026
// 重构日志: 7791b2b7
